0 verbose cli /Users/anszeszt2101/.nvm/versions/node/v16.16.0/bin/node /Users/anszeszt2101/.nvm/versions/node/v16.16.0/bin/npm
1 info using npm@8.11.0
2 info using node@v16.16.0
3 timing npm:load:whichnode Completed in 0ms
4 timing config:load:defaults Completed in 1ms
5 timing config:load:file:/Users/anszeszt2101/.nvm/versions/node/v16.16.0/lib/node_modules/npm/npmrc Completed in 1ms
6 timing config:load:builtin Completed in 2ms
7 timing config:load:cli Completed in 2ms
8 timing config:load:env Completed in 1ms
9 timing config:load:file:/Users/anszeszt2101/GitHub/true-true-false/.npmrc Completed in 1ms
10 timing config:load:project Completed in 3ms
11 timing config:load:file:/Users/anszeszt2101/.npmrc Completed in 1ms
12 timing config:load:user Completed in 1ms
13 timing config:load:file:/Users/anszeszt2101/.nvm/versions/node/v16.16.0/etc/npmrc Completed in 0ms
14 timing config:load:global Completed in 0ms
15 timing config:load:validate Completed in 1ms
16 timing config:load:credentials Completed in 0ms
17 timing config:load:setEnvs Completed in 0ms
18 timing config:load Completed in 12ms
19 timing npm:load:configload Completed in 12ms
20 timing npm:load:mkdirpcache Completed in 1ms
21 timing npm:load:mkdirplogs Completed in 1ms
22 verbose title npm run lint .next/cache/eslint/ /Users/anszeszt2101/GitHub/true-true-false/components/atoms/RoomSlugText/RoomSlugText.tsx /Users/anszeszt2101/GitHub/true-true-false/components/atoms/RoomSlugText/styles.ts /Users/anszeszt2101/GitHub/true-true-false/components/atoms/RoomSlugText/types.ts /Users/anszeszt2101/GitHub/true-true-false/components/molecules/Input/styles.ts /Users/anszeszt2101/GitHub/true-true-false/components/templates/PreparationPageContent/PreparationPageContent.tsx /Users/anszeszt2101/GitHub/true-true-false/components/templates/PreparationPageContent/styles.ts /Users/anszeszt2101/GitHub/true-true-false/styles/designTokens.ts
23 verbose argv "run" "lint" "--cache" "--cache-location" ".next/cache/eslint/" "--fix" "/Users/anszeszt2101/GitHub/true-true-false/components/atoms/RoomSlugText/RoomSlugText.tsx" "/Users/anszeszt2101/GitHub/true-true-false/components/atoms/RoomSlugText/styles.ts" "/Users/anszeszt2101/GitHub/true-true-false/components/atoms/RoomSlugText/types.ts" "/Users/anszeszt2101/GitHub/true-true-false/components/molecules/Input/styles.ts" "/Users/anszeszt2101/GitHub/true-true-false/components/templates/PreparationPageContent/PreparationPageContent.tsx" "/Users/anszeszt2101/GitHub/true-true-false/components/templates/PreparationPageContent/styles.ts" "/Users/anszeszt2101/GitHub/true-true-false/styles/designTokens.ts"
24 timing npm:load:setTitle Completed in 18ms
25 timing config:load:flatten Completed in 2ms
26 timing npm:load:display Completed in 3ms
27 verbose logfile logs-max:10 dir:/Users/anszeszt2101/GitHub/true-true-false/--cache-location/_logs
28 verbose logfile /Users/anszeszt2101/GitHub/true-true-false/--cache-location/_logs/2022-08-06T18_48_55_055Z-debug-0.log
29 timing npm:load:logFile Completed in 5ms
30 timing npm:load:timers Completed in 0ms
31 timing npm:load:configScope Completed in 0ms
32 timing npm:load Completed in 40ms
33 silly logfile done cleaning log files
34 http fetch GET 200 https://registry.npmjs.org/npm 1339ms (cache miss)
35 timing command:run Completed in 2365ms
36 notice
36 notice New minor version of npm available! 8.11.0 -> 8.16.0
36 notice Changelog: <https://github.com/npm/cli/releases/tag/v8.16.0>
36 notice Run `npm install -g npm@8.16.0` to update!
36 notice
37 verbose exit 1
38 timing npm Completed in 2411ms
39 verbose code 1
